0 info it worked if it ends with ok
1 verbose cli [ 'node', '/usr/local/bin/npm', 'publish' ]
2 info using npm@1.3.23
3 info using node@v0.10.24
4 verbose publish [ '.' ]
5 error Failed to parse json
5 error Unexpected token '
6 error File: /home/jeferson/WebstormProjects/token-manager-server/package.json
7 error Failed to parse package.json data.
7 error package.json must be actual JSON, not just JavaScript.
7 error
7 error This is not a bug in npm.
7 error Tell the package author to fix their package.json file. JSON.parse
8 error System Linux 3.11.0-15-generic
9 error command "node" "/usr/local/bin/npm" "publish"
10 error cwd /home/jeferson/WebstormProjects/token-manager-server
11 error node -v v0.10.24
12 error npm -v 1.3.23
13 error file /home/jeferson/WebstormProjects/token-manager-server/package.json
14 error code EJSONPARSE
15 verbose exit [ 1, true ]
